<?xml version="1.0" encoding="UTF-8"?>
<!-- Generated by org.testng.reporters.JUnitReportReporter -->
<testsuite hostname="DESKTOP-EUQGUBO" failures="0" tests="1" name="com.scoutr.testcases.InviteNewSuperAdminTest" time="54.953" errors="0" timestamp="2022-07-13T16:32:34 IST" skipped="0">
  <testcase classname="com.scoutr.testcases.InviteNewSuperAdminTest" name="verifyInviteNewSuperAdmin" time="54.953"/>
  <system-out/>
</testsuite> <!-- com.scoutr.testcases.InviteNewSuperAdminTest -->
