<?xml version="1.0" encoding="UTF-8"?>
<!-- Generated by org.testng.reporters.JUnitReportReporter -->
<testsuite hostname="DESKTOP-EUQGUBO" failures="0" tests="1" name="com.scoutr.testcases.CreatePositionTest" time="125.627" errors="0" timestamp="2022-07-14T11:51:03 IST" skipped="0">
  <testcase classname="com.scoutr.testcases.CreatePositionTest" name="verifyPositionCreationEditDelete" time="125.627"/>
  <system-out/>
</testsuite> <!-- com.scoutr.testcases.CreatePositionTest -->
