<?xml version="1.0" encoding="UTF-8"?>
<!-- Generated by org.testng.reporters.JUnitReportReporter -->
<testsuite hostname="DESKTOP-EUQGUBO" failures="0" tests="1" name="com.scoutr.testcases.CandidateTest" time="3.159" errors="0" timestamp="2022-07-11T16:26:11 IST" skipped="0">
  <testcase classname="com.scoutr.testcases.CandidateTest" name="verifyCandidateUrl" time="3.159"/>
  <system-out/>
</testsuite> <!-- com.scoutr.testcases.CandidateTest -->
