<?xml version="1.0" encoding="UTF-8"?>
<!-- Generated by org.testng.reporters.JUnitReportReporter -->
<testsuite hostname="DESKTOP-EUQGUBO" failures="0" tests="1" name="com.scoutr.testcases.TeamCreationTest" time="61.829" errors="0" timestamp="2022-07-12T15:35:45 IST" skipped="0">
  <testcase classname="com.scoutr.testcases.TeamCreationTest" name="verifyTeamCreation" time="61.829"/>
  <system-out/>
</testsuite> <!-- com.scoutr.testcases.TeamCreationTest -->
