<?xml version="1.0" encoding="UTF-8"?>
<!-- Generated by org.testng.reporters.JUnitReportReporter -->
<testsuite hostname="DESKTOP-EUQGUBO" failures="0" tests="1" name="com.scoutr.testcases.HomePageTest" time="4.065" errors="0" timestamp="2022-07-12T19:35:05 IST" skipped="0">
  <testcase classname="com.scoutr.testcases.HomePageTest" name="verifyLogoutButton" time="4.065"/>
  <system-out/>
</testsuite> <!-- com.scoutr.testcases.HomePageTest -->
