<?xml version="1.0" encoding="UTF-8"?>
<!-- Generated by org.testng.reporters.JUnitReportReporter -->
<testsuite hostname="DESKTOP-EUQGUBO" failures="0" tests="1" name="com.scoutr.testcases.NewCompanyAdminTest" time="118.723" errors="0" timestamp="2022-07-13T16:44:55 IST" skipped="0">
  <testcase classname="com.scoutr.testcases.NewCompanyAdminTest" name="verifyPositionCreationEditDelete" time="118.723"/>
  <system-out/>
</testsuite> <!-- com.scoutr.testcases.NewCompanyAdminTest -->
